<?xml version="1.0" encoding="utf-8"?>
<!--
  MIT License

  Copyright (c) 2022 Dr. Ullrich Hafner

  Permission is hereby granted, free of charge, to any person obtaining a copy
  of this software and associated documentation files (the "Software"), to deal
  in the Software without restriction, including without limitation the rights
  to use, copy, modify, merge, publish, distribute, sublicense, and/or sell
  copies of the Software, and to permit persons to whom the Software is
  furnished to do so, subject to the following conditions:

  The above copyright notice and this permission notice shall be included in all
  copies or substantial portions of the Software.

  THE SOFTWARE IS PROVIDED "AS IS", WITHOUT WARRANTY OF ANY KIND, EXPRESS OR
  IMPLIED, INCLUDING BUT NOT LIMITED TO THE WARRANTIES OF MERCHANTABILITY,
  FITNESS FOR A PARTICULAR PURPOSE AND NONINFRINGEMENT. IN NO EVENT SHALL THE
  AUTHORS OR COPYRIGHT HOLDERS BE LIABLE FOR ANY CLAIM, DAMAGES OR OTHER
  LIABILITY, WHETHER IN AN ACTION OF CONTRACT, TORT OR OTHERWISE, ARISING FROM,
  OUT OF OR IN CONNECTION WITH THE SOFTWARE OR THE USE OR OTHER DEALINGS IN THE
  SOFTWARE.
-->

<!DOCTYPE coverage SYSTEM "http://cobertura.sourceforge.net/xml/coverage-04.dtd">
<coverage line-rate="1" branch-rate="1" lines-covered="12" lines-valid="12" branches-covered="6" branches-valid="6" complexity="6" version="0" timestamp="1675424586">
  <sources>
    <source>D:\</source>
  </sources>
  <packages>
    <package name="Numbers" line-rate="1" branch-rate="1" complexity="6">
      <classes>
        <class name="Numbers.PrimeService" filename="D:\Build\workspace\esignPlugins_test-jenkins-plugin\Numbers\PrimeService.cs" line-rate="1" branch-rate="1" complexity="NaN">
          <methods>
            <method name="IsPrime" signature="(System.Int32)" line-rate="1" branch-rate="1" complexity="NaN">
              <lines>
                <line number="8" hits="11" branch="false" />
                <line number="9" hits="11" branch="true" condition-coverage="100% (2/2)" />
                <line number="10" hits="3" branch="false" />
                <line number="11" hits="3" branch="false" />
                <line number="14" hits="22" branch="true" condition-coverage="100% (2/2)" />
                <line number="15" hits="7" branch="false" />
                <line number="16" hits="7" branch="true" condition-coverage="100% (2/2)" />
                <line number="17" hits="4" branch="false" />
                <line number="18" hits="4" branch="false" />
                <line number="20" hits="3" branch="false" />
                <line number="21" hits="4" branch="false" />
                <line number="22" hits="11" branch="false" />
              </lines>
            </method>
          </methods>
          <lines>
            <line number="8" hits="11" branch="false" />
            <line number="9" hits="11" branch="true" condition-coverage="100% (2/2)" />
            <line number="10" hits="3" branch="false" />
            <line number="11" hits="3" branch="false" />
            <line number="14" hits="22" branch="true" condition-coverage="100% (2/2)" />
            <line number="15" hits="7" branch="false" />
            <line number="16" hits="7" branch="true" condition-coverage="100% (2/2)" />
            <line number="17" hits="4" branch="false" />
            <line number="18" hits="4" branch="false" />
            <line number="20" hits="3" branch="false" />
            <line number="21" hits="4" branch="false" />
            <line number="22" hits="11" branch="false" />
          </lines>
        </class>
      </classes>
    </package>
  </packages>
</coverage>